<?xml version="1.0" encoding="UTF-8"?>
<!-- Generated by org.testng.reporters.JUnitXMLReporter -->
<testsuite ignored="2" hostname="HCLL202116" failures="1" tests="1" name="MNS3RUN" time="57.809" errors="0" timestamp="2022-06-17T14:11:59 IST">
  <testcase classname="MNS.MNS3" name="CelticClouds" time="4.586">
    <failure type="org.openqa.selenium.NoSuchElementException" message="no such element: Unable to locate element: {&amp;quot;method&amp;quot;:&amp;quot;xpath&amp;quot;,&amp;quot;selector&amp;quot;:&amp;quot;/html/body/div/div/div[1]/div[2]/div/section[2]/div/div/div/div[1]/div/div[2]/div/div/input&amp;quot;}
  (Session info: MicrosoftEdge=102.0.1245.41)
For documentation on this error, please visit: https://selenium.dev/exceptions/#no_such_element
Build info: version: &amp;apos;4.1.3&amp;apos;, revision: &amp;apos;7b1ebf28ef&amp;apos;
System info: host: &amp;apos;HCLL202116&amp;apos;, ip: &amp;apos;172.30.199.15&amp;apos;, os.name: &amp;apos;Windows 10&amp;apos;, os.arch: &amp;apos;amd64&amp;apos;, os.version: &amp;apos;10.0&amp;apos;, java.version: &amp;apos;17.0.1&amp;apos;
Driver info: org.openqa.selenium.edge.EdgeDriver
Command: [c722d70e1ad0f39581b06cd1d6bcc3f7, findElement {using=xpath, value=/html/body/div/div/div[1]/div[2]/div/section[2]/div/div/div/div[1]/div/div[2]/div/div/input}]
Capabilities {acceptInsecureCerts: false, browserName: msedge, browserVersion: 102.0.1245.41, javascriptEnabled: true, ms:edgeOptions: {debuggerAddress: localhost:65061}, msedge: {msedgedriverVersion: 102.0.1245.30 (8f49f1a4740d..., userDataDir: C:\Users\kbf27681\AppData\L...}, networkConnectionEnabled: false, pageLoadStrategy: normal, platform: WINDOWS, platformName: WINDOWS, proxy: Proxy(), se:cdp: ws://localhost:65061/devtoo..., se:cdpVersion: 102.0.1245.41, setWindowRect: true, strictFileInteractability: false, timeouts: {implicit: 0, pageLoad: 300000, script: 30000}, unhandledPromptBehavior: dismiss and notify, webauthn:extension:credBlob: true, webauthn:extension:largeBlob: true, webauthn:virtualAuthenticators: true}
Session ID: c722d70e1ad0f39581b06cd1d6bcc3f7">
      <![CDATA[org.openqa.selenium.NoSuchElementException: no such element: Unable to locate element: {"method":"xpath","selector":"/html/body/div/div/div[1]/div[2]/div/section[2]/div/div/div/div[1]/div/div[2]/div/div/input"}
  (Session info: MicrosoftEdge=102.0.1245.41)
For documentation on this error, please visit: https://selenium.dev/exceptions/#no_such_element
Build info: version: '4.1.3', revision: '7b1ebf28ef'
System info: host: 'HCLL202116', ip: '172.30.199.15', os.name: 'Windows 10', os.arch: 'amd64', os.version: '10.0', java.version: '17.0.1'
Driver info: org.openqa.selenium.edge.EdgeDriver
Command: [c722d70e1ad0f39581b06cd1d6bcc3f7, findElement {using=xpath, value=/html/body/div/div/div[1]/div[2]/div/section[2]/div/div/div/div[1]/div/div[2]/div/div/input}]
Capabilities {acceptInsecureCerts: false, browserName: msedge, browserVersion: 102.0.1245.41, javascriptEnabled: true, ms:edgeOptions: {debuggerAddress: localhost:65061}, msedge: {msedgedriverVersion: 102.0.1245.30 (8f49f1a4740d..., userDataDir: C:\Users\kbf27681\AppData\L...}, networkConnectionEnabled: false, pageLoadStrategy: normal, platform: WINDOWS, platformName: WINDOWS, proxy: Proxy(), se:cdp: ws://localhost:65061/devtoo..., se:cdpVersion: 102.0.1245.41, setWindowRect: true, strictFileInteractability: false, timeouts: {implicit: 0, pageLoad: 300000, script: 30000}, unhandledPromptBehavior: dismiss and notify, webauthn:extension:credBlob: true, webauthn:extension:largeBlob: true, webauthn:virtualAuthenticators: true}
Session ID: c722d70e1ad0f39581b06cd1d6bcc3f7
at org.openqa.selenium.remote.codec.w3c.W3CHttpResponseCodec.createException(W3CHttpResponseCodec.java:200)
at org.openqa.selenium.remote.codec.w3c.W3CHttpResponseCodec.decode(W3CHttpResponseCodec.java:133)
at org.openqa.selenium.remote.codec.w3c.W3CHttpResponseCodec.decode(W3CHttpResponseCodec.java:53)
at org.openqa.selenium.remote.HttpCommandExecutor.execute(HttpCommandExecutor.java:184)
at org.openqa.selenium.remote.service.DriverCommandExecutor.invokeExecute(DriverCommandExecutor.java:167)
at org.openqa.selenium.remote.service.DriverCommandExecutor.execute(DriverCommandExecutor.java:142)
at org.openqa.selenium.remote.RemoteWebDriver.execute(RemoteWebDriver.java:567)
at org.openqa.selenium.remote.ElementLocation$ElementFinder$2.findElement(ElementLocation.java:162)
at org.openqa.selenium.remote.ElementLocation.findElement(ElementLocation.java:60)
at org.openqa.selenium.remote.RemoteWebDriver.findElement(RemoteWebDriver.java:385)
at org.openqa.selenium.remote.RemoteWebDriver.findElement(RemoteWebDriver.java:377)
at MNS.MNS3.CelticClouds(MNS3.java:86)
at java.base/java.util.ArrayList.forEach(ArrayList.java:1511)
... Removed 32 stack frames]]>
    </failure>
  </testcase> <!-- CelticClouds -->
  <testcase classname="MNS.MNS3" name="Lucky7" time="0.0">
    <ignored/>
  </testcase> <!-- Lucky7 -->
  <testcase classname="MNS.MNS3" name="Ruby7" time="0.0">
    <ignored/>
  </testcase> <!-- Ruby7 -->
</testsuite> <!-- MNS3RUN -->
